[debug] [2023-02-12T21:46:28.021Z] ----------------------------------------------------------------------
[debug] [2023-02-12T21:46:28.023Z] Command:       /home/ben/.nvm/versions/node/v18.12.1/bin/node /home/ben/.nvm/versions/node/v18.12.1/bin/firebase deploy
[debug] [2023-02-12T21:46:28.024Z] CLI Version:   11.22.0
[debug] [2023-02-12T21:46:28.024Z] Platform:      linux
[debug] [2023-02-12T21:46:28.024Z] Node Version:  v18.12.1
[debug] [2023-02-12T21:46:28.024Z] Time:          Sun Feb 12 2023 13:46:28 GMT-0800 (Pacific Standard Time)
[debug] [2023-02-12T21:46:28.025Z] ----------------------------------------------------------------------
[debug] 
[debug] [2023-02-12T21:46:28.027Z] >>> [apiv2][query] GET https://firebase-public.firebaseio.com/cli.json [none]
[debug] [2023-02-12T21:46:28.122Z] > command requires scopes: ["email","openid","https://www.googleapis.com/auth/cloudplatformprojects.readonly","https://www.googleapis.com/auth/firebase","https://www.googleapis.com/auth/cloud-platform"]
[debug] [2023-02-12T21:46:28.122Z] > authorizing via signed-in user (benawhiting@gmail.com)
[debug] [2023-02-12T21:46:28.122Z] [iam] checking project benzel-book for permissions ["firebase.projects.get","firebasehosting.sites.update"]
[debug] [2023-02-12T21:46:28.123Z] > refreshing access token with scopes: []
[debug] [2023-02-12T21:46:28.124Z] >>> [apiv2][query] POST https://www.googleapis.com/oauth2/v3/token [none]
[debug] [2023-02-12T21:46:28.124Z] >>> [apiv2][body] POST https://www.googleapis.com/oauth2/v3/token [omitted]
[debug] [2023-02-12T21:46:28.265Z] <<< [apiv2][status] POST https://www.googleapis.com/oauth2/v3/token 200
[debug] [2023-02-12T21:46:28.266Z] <<< [apiv2][body] POST https://www.googleapis.com/oauth2/v3/token [omitted]
[debug] [2023-02-12T21:46:28.280Z] >>> [apiv2][query] POST https://cloudresourcemanager.googleapis.com/v1/projects/benzel-book:testIamPermissions [none]
[debug] [2023-02-12T21:46:28.280Z] >>> [apiv2][(partial)header] POST https://cloudresourcemanager.googleapis.com/v1/projects/benzel-book:testIamPermissions x-goog-quota-user=projects/benzel-book
[debug] [2023-02-12T21:46:28.281Z] >>> [apiv2][body] POST https://cloudresourcemanager.googleapis.com/v1/projects/benzel-book:testIamPermissions {"permissions":["firebase.projects.get","firebasehosting.sites.update"]}
[debug] [2023-02-12T21:46:28.299Z] <<< [apiv2][status] GET https://firebase-public.firebaseio.com/cli.json 200
[debug] [2023-02-12T21:46:28.299Z] <<< [apiv2][body] GET https://firebase-public.firebaseio.com/cli.json {"cloudBuildErrorAfter":1594252800000,"cloudBuildWarnAfter":1590019200000,"defaultNode10After":1594252800000,"minVersion":"3.0.5","node8DeploysDisabledAfter":1613390400000,"node8RuntimeDisabledAfter":1615809600000,"node8WarnAfter":1600128000000}
[debug] [2023-02-12T21:46:28.462Z] <<< [apiv2][status] POST https://cloudresourcemanager.googleapis.com/v1/projects/benzel-book:testIamPermissions 200
[debug] [2023-02-12T21:46:28.462Z] <<< [apiv2][body] POST https://cloudresourcemanager.googleapis.com/v1/projects/benzel-book:testIamPermissions {"permissions":["firebase.projects.get","firebasehosting.sites.update"]}
[debug] [2023-02-12T21:46:28.464Z] >>> [apiv2][query] GET https://firebase.googleapis.com/v1beta1/projects/benzel-book [none]
[debug] [2023-02-12T21:46:28.683Z] <<< [apiv2][status] GET https://firebase.googleapis.com/v1beta1/projects/benzel-book 200
[debug] [2023-02-12T21:46:28.684Z] <<< [apiv2][body] GET https://firebase.googleapis.com/v1beta1/projects/benzel-book {"projectId":"benzel-book","projectNumber":"997271477245","displayName":"Benzelbook","name":"projects/benzel-book","resources":{"hostingSite":"benzel-book"},"state":"ACTIVE","etag":"1_a355b156-15e4-47f4-8e8c-c1a95f457bc0"}
[info] 
[info] === Deploying to 'benzel-book'...
[info] 
[info] i  deploying hosting 
[debug] [2023-02-12T21:46:28.694Z] >>> [apiv2][query] POST https://firebasehosting.googleapis.com/v1beta1/projects/-/sites/benzel-book/versions [none]
[debug] [2023-02-12T21:46:28.694Z] >>> [apiv2][body] POST https://firebasehosting.googleapis.com/v1beta1/projects/-/sites/benzel-book/versions {"status":"CREATED","labels":{"deployment-tool":"cli-firebase"}}
[debug] [2023-02-12T21:46:29.538Z] <<< [apiv2][status] POST https://firebasehosting.googleapis.com/v1beta1/projects/-/sites/benzel-book/versions 200
[debug] [2023-02-12T21:46:29.539Z] <<< [apiv2][body] POST https://firebasehosting.googleapis.com/v1beta1/projects/-/sites/benzel-book/versions {"name":"projects/997271477245/sites/benzel-book/versions/2dcf34b23acedaec","status":"CREATED","config":{},"labels":{"deployment-tool":"cli-firebase"}}
[info] i  hosting[benzel-book]: beginning deploy... 
[info] i  hosting[benzel-book]: found 23 files in build 
[debug] [2023-02-12T21:46:29.559Z] [hosting] uploading with 200 concurrency
[debug] [2023-02-12T21:46:29.935Z] [hosting] hash cache [YnVpbGQ] stored for 23 files
[debug] [2023-02-12T21:46:29.935Z] [hosting][hash queue][FINAL] {"max":360,"min":25,"avg":42.43478260869565,"active":0,"complete":23,"success":23,"errored":0,"retried":0,"total":23,"elapsed":371}
[debug] [2023-02-12T21:46:29.936Z] >>> [apiv2][query] POST https://firebasehosting.googleapis.com/v1beta1/projects/997271477245/sites/benzel-book/versions/2dcf34b23acedaec:populateFiles [none]
[debug] [2023-02-12T21:46:29.936Z] >>> [apiv2][body] POST https://firebasehosting.googleapis.com/v1beta1/projects/997271477245/sites/benzel-book/versions/2dcf34b23acedaec:populateFiles {"files":{"/asset-manifest.json":"b531c79734a4d2522b5b9d54173b1881d16e060ed310debdb287d2d9455986f8","/favicon.ico":"9a32c9922213edbf4c673d9897087148d9a56ff3ece1820b50b20a82005ac03b","/index.html":"8b38c820b427703e426f55320da7b495f1e86b1571c1c54c0f86972bdf57e2cc","/logo192.svg":"9a32c9922213edbf4c673d9897087148d9a56ff3ece1820b50b20a82005ac03b","/logo512.png":"7779210d56c1f3741e2e487799fe3092def4fa6ac450a60532b807c3a8971205","/manifest.json":"8b5073ae0c3ce66e4680f4120c102d25d47247eb3811fce806c347d5b0ab4be8","/robots.txt":"2544ca049f223a42bff01f72ad930a5edba75bbb7199d0f8430a02ff5aca16ec","/static/css/main.27202283.css":"0728db3d48f9464d3c42b4191ab7b9ad3a6e3cbbc95357ae6df5987fdda6fea7","/static/css/main.27202283.css.map":"b8ca5e2b69336fa2d841e84857c476176f97a8bc005a289f85f4cc31bce3bac0","/static/js/496.c377cfbc.chunk.js":"56b1d5080dae57f2b7a85f3c1e20cb378b4ef964e8bb4838f96ec751988f4501","/static/js/main.6d829aca.js.LICENSE.txt":"090f7d4a928096ecc90650ce89c79180309b01e7c20c145742224480cc3705f4","/static/media/camera.520100525758a0ffdfd990a456f28b2e.svg":"08b780abdbc9ff9d91fda0b4a796abe27ccfa4b9e30156f66cd9100f8be20d16","/static/media/comment.a7df4bbddfd94598ae9ac980ed28e11f.svg":"37c9908ec606889353f0056ed3a94bcf0fe85cf4bc376ede6fd700db38ace68f","/static/media/default-avatar.450708700d967c87f7bcde1b03b02d80.svg":"ffa5bfc0fff794ff28d1abb7f2d470ba2ada4c3ad7ff8a0a44ffe9e465830bce","/static/media/delete.b28700980249a56d3a0b6bf2851631d6.svg":"63d7681c9682005482e376111fcff0750a7d8b7c70b686d56c9da8f2b099e68b","/static/media/edit.0914d6c1be158a44928907007894f9b8.svg":"edc40e91a3d04ef4cb3a4dc9f1decb0c55437b604d7dedd62d1121756d86759e","/static/media/friend-request.7b7527fb7bc826e1bc00f2a3a43f3e5d.svg":"befef669511aec182f41eb3f48138774c5b7c05ef8b4cc5a398f4ee534aa4795","/static/media/github.3c903c66b2c5334c8c0b80567c4ea422.svg":"7c3508546db451f0c61efa96558a083419d4fa4d86fa2adb927e8e1dff161263","/static/media/like.916fcc5246f57d75d0da6310218d5324.svg":"c258a02db3381080539a1214be99bb5b04677bd7078be2660ade5faa1e0d2022","/static/media/site-logo.a1d5a2851614133a5a6d5a034d384c98.svg":"9a32c9922213edbf4c673d9897087148d9a56ff3ece1820b50b20a82005ac03b","/static/js/496.c377cfbc.chunk.js.map":"6bc9757f80388c10eb4aeae8baec787d3d87c24c8100404b5c5b1a3e6bbe9caf","/static/js/main.6d829aca.js":"4030ef01456babf252cde9f0b849f948bb4dadb0a8100fa21f7a09352aeeccc5","/static/js/main.6d829aca.js.map":"c84cc1ea71a03d1cef8fc3c36ba74fc52e82917376ff88e9aca474ca27f565cd"}}
[debug] [2023-02-12T21:46:30.485Z] <<< [apiv2][status] POST https://firebasehosting.googleapis.com/v1beta1/projects/997271477245/sites/benzel-book/versions/2dcf34b23acedaec:populateFiles 200
[debug] [2023-02-12T21:46:30.486Z] <<< [apiv2][body] POST https://firebasehosting.googleapis.com/v1beta1/projects/997271477245/sites/benzel-book/versions/2dcf34b23acedaec:populateFiles {"uploadRequiredHashes":["b531c79734a4d2522b5b9d54173b1881d16e060ed310debdb287d2d9455986f8","8b38c820b427703e426f55320da7b495f1e86b1571c1c54c0f86972bdf57e2cc","4030ef01456babf252cde9f0b849f948bb4dadb0a8100fa21f7a09352aeeccc5","c84cc1ea71a03d1cef8fc3c36ba74fc52e82917376ff88e9aca474ca27f565cd"],"uploadUrl":"https://upload-firebasehosting.googleapis.com/upload/sites/benzel-book/versions/2dcf34b23acedaec/files"}
[debug] [2023-02-12T21:46:30.488Z] >>> [apiv2][query] POST https://upload-firebasehosting.googleapis.com/upload/sites/benzel-book/versions/2dcf34b23acedaec/files/b531c79734a4d2522b5b9d54173b1881d16e060ed310debdb287d2d9455986f8 [none]
[debug] [2023-02-12T21:46:30.488Z] >>> [apiv2][body] POST https://upload-firebasehosting.googleapis.com/upload/sites/benzel-book/versions/2dcf34b23acedaec/files/b531c79734a4d2522b5b9d54173b1881d16e060ed310debdb287d2d9455986f8 [stream]
[debug] [2023-02-12T21:46:30.491Z] >>> [apiv2][query] POST https://upload-firebasehosting.googleapis.com/upload/sites/benzel-book/versions/2dcf34b23acedaec/files/8b38c820b427703e426f55320da7b495f1e86b1571c1c54c0f86972bdf57e2cc [none]
[debug] [2023-02-12T21:46:30.491Z] >>> [apiv2][body] POST https://upload-firebasehosting.googleapis.com/upload/sites/benzel-book/versions/2dcf34b23acedaec/files/8b38c820b427703e426f55320da7b495f1e86b1571c1c54c0f86972bdf57e2cc [stream]
[debug] [2023-02-12T21:46:30.494Z] >>> [apiv2][query] POST https://upload-firebasehosting.googleapis.com/upload/sites/benzel-book/versions/2dcf34b23acedaec/files/4030ef01456babf252cde9f0b849f948bb4dadb0a8100fa21f7a09352aeeccc5 [none]
[debug] [2023-02-12T21:46:30.494Z] >>> [apiv2][body] POST https://upload-firebasehosting.googleapis.com/upload/sites/benzel-book/versions/2dcf34b23acedaec/files/4030ef01456babf252cde9f0b849f948bb4dadb0a8100fa21f7a09352aeeccc5 [stream]
[debug] [2023-02-12T21:46:30.496Z] >>> [apiv2][query] POST https://upload-firebasehosting.googleapis.com/upload/sites/benzel-book/versions/2dcf34b23acedaec/files/c84cc1ea71a03d1cef8fc3c36ba74fc52e82917376ff88e9aca474ca27f565cd [none]
[debug] [2023-02-12T21:46:30.497Z] >>> [apiv2][body] POST https://upload-firebasehosting.googleapis.com/upload/sites/benzel-book/versions/2dcf34b23acedaec/files/c84cc1ea71a03d1cef8fc3c36ba74fc52e82917376ff88e9aca474ca27f565cd [stream]
[debug] [2023-02-12T21:46:30.499Z] [hosting][populate queue][FINAL] {"max":556,"min":556,"avg":556,"active":0,"complete":1,"success":1,"errored":0,"retried":0,"total":1,"elapsed":567}
[debug] [2023-02-12T21:46:30.499Z] [hosting] uploads queued: 4
[debug] [2023-02-12T21:46:32.177Z] <<< [apiv2][status] POST https://upload-firebasehosting.googleapis.com/upload/sites/benzel-book/versions/2dcf34b23acedaec/files/b531c79734a4d2522b5b9d54173b1881d16e060ed310debdb287d2d9455986f8 200
[debug] [2023-02-12T21:46:32.178Z] <<< [apiv2][body] POST https://upload-firebasehosting.googleapis.com/upload/sites/benzel-book/versions/2dcf34b23acedaec/files/b531c79734a4d2522b5b9d54173b1881d16e060ed310debdb287d2d9455986f8 [stream]
[debug] [2023-02-12T21:46:32.209Z] <<< [apiv2][status] POST https://upload-firebasehosting.googleapis.com/upload/sites/benzel-book/versions/2dcf34b23acedaec/files/8b38c820b427703e426f55320da7b495f1e86b1571c1c54c0f86972bdf57e2cc 200
[debug] [2023-02-12T21:46:32.209Z] <<< [apiv2][body] POST https://upload-firebasehosting.googleapis.com/upload/sites/benzel-book/versions/2dcf34b23acedaec/files/8b38c820b427703e426f55320da7b495f1e86b1571c1c54c0f86972bdf57e2cc [stream]
[debug] [2023-02-12T21:46:32.248Z] <<< [apiv2][status] POST https://upload-firebasehosting.googleapis.com/upload/sites/benzel-book/versions/2dcf34b23acedaec/files/4030ef01456babf252cde9f0b849f948bb4dadb0a8100fa21f7a09352aeeccc5 200
[debug] [2023-02-12T21:46:32.248Z] <<< [apiv2][body] POST https://upload-firebasehosting.googleapis.com/upload/sites/benzel-book/versions/2dcf34b23acedaec/files/4030ef01456babf252cde9f0b849f948bb4dadb0a8100fa21f7a09352aeeccc5 [stream]
[debug] [2023-02-12T21:46:32.305Z] <<< [apiv2][status] POST https://upload-firebasehosting.googleapis.com/upload/sites/benzel-book/versions/2dcf34b23acedaec/files/c84cc1ea71a03d1cef8fc3c36ba74fc52e82917376ff88e9aca474ca27f565cd 200
[debug] [2023-02-12T21:46:32.305Z] <<< [apiv2][body] POST https://upload-firebasehosting.googleapis.com/upload/sites/benzel-book/versions/2dcf34b23acedaec/files/c84cc1ea71a03d1cef8fc3c36ba74fc52e82917376ff88e9aca474ca27f565cd [stream]
[debug] [2023-02-12T21:46:32.305Z] [hosting][upload queue][FINAL] {"max":1818,"min":1692,"avg":1748.25,"active":0,"complete":4,"success":4,"errored":0,"retried":0,"total":4,"elapsed":1819}
[info] ✔  hosting[benzel-book]: file upload complete 
[debug] [2023-02-12T21:46:32.307Z] [hosting] deploy completed after 2765ms
[debug] [2023-02-12T21:46:32.311Z] [
  {
    "config": {
      "public": "build",
      "ignore": [
        "firebase.json",
        "**/.*",
        "**/node_modules/**"
      ],
      "rewrites": [
        {
          "source": "**",
          "destination": "/index.html"
        }
      ],
      "site": "benzel-book"
    },
    "version": "projects/997271477245/sites/benzel-book/versions/2dcf34b23acedaec"
  }
]
[info] i  hosting[benzel-book]: finalizing version... 
[debug] [2023-02-12T21:46:32.315Z] >>> [apiv2][query] PATCH https://firebasehosting.googleapis.com/v1beta1/projects/-/sites/benzel-book/versions/2dcf34b23acedaec updateMask=status%2Cconfig
[debug] [2023-02-12T21:46:32.315Z] >>> [apiv2][body] PATCH https://firebasehosting.googleapis.com/v1beta1/projects/-/sites/benzel-book/versions/2dcf34b23acedaec {"status":"FINALIZED","config":{"rewrites":[{"glob":"**","path":"/index.html"}]}}
[debug] [2023-02-12T21:46:32.878Z] <<< [apiv2][status] PATCH https://firebasehosting.googleapis.com/v1beta1/projects/-/sites/benzel-book/versions/2dcf34b23acedaec 200
[debug] [2023-02-12T21:46:32.878Z] <<< [apiv2][body] PATCH https://firebasehosting.googleapis.com/v1beta1/projects/-/sites/benzel-book/versions/2dcf34b23acedaec {"name":"projects/997271477245/sites/benzel-book/versions/2dcf34b23acedaec","status":"FINALIZED","config":{"rewrites":[{"glob":"**","path":"/index.html"}]},"labels":{"deployment-tool":"cli-firebase"},"createTime":"2023-02-12T21:46:29.190969Z","createUser":{"email":"benawhiting@gmail.com"},"finalizeTime":"2023-02-12T21:46:32.826790Z","finalizeUser":{"email":"benawhiting@gmail.com"}}
[debug] [2023-02-12T21:46:32.879Z] [hosting] finalized version for benzel-book:[object Object]
[info] ✔  hosting[benzel-book]: version finalized 
[info] i  hosting[benzel-book]: releasing new version... 
[debug] [2023-02-12T21:46:32.880Z] >>> [apiv2][query] POST https://firebasehosting.googleapis.com/v1beta1/projects/-/sites/benzel-book/channels/live/releases versionName=projects%2F997271477245%2Fsites%2Fbenzel-book%2Fversions%2F2dcf34b23acedaec
[debug] [2023-02-12T21:46:32.880Z] >>> [apiv2][body] POST https://firebasehosting.googleapis.com/v1beta1/projects/-/sites/benzel-book/channels/live/releases {}
[debug] [2023-02-12T21:46:33.466Z] <<< [apiv2][status] POST https://firebasehosting.googleapis.com/v1beta1/projects/-/sites/benzel-book/channels/live/releases 200
[debug] [2023-02-12T21:46:33.467Z] <<< [apiv2][body] POST https://firebasehosting.googleapis.com/v1beta1/projects/-/sites/benzel-book/channels/live/releases {"name":"projects/997271477245/sites/benzel-book/channels/live/releases/1676238392817000","version":{"name":"projects/997271477245/sites/benzel-book/versions/2dcf34b23acedaec","status":"FINALIZED","config":{"rewrites":[{"glob":"**","path":"/index.html"}]},"labels":{"deployment-tool":"cli-firebase"},"createTime":"2023-02-12T21:46:29.190969Z","createUser":{"email":"benawhiting@gmail.com","imageUrl":"https://lh3.googleusercontent.com/a/AEdFTp4lVS59fJhsHCK0vqZycXxWvJZu9t-YjsOP7wF_VFc"},"finalizeTime":"2023-02-12T21:46:32.826790Z","finalizeUser":{"email":"benawhiting@gmail.com","imageUrl":"https://lh3.googleusercontent.com/a/AEdFTp4lVS59fJhsHCK0vqZycXxWvJZu9t-YjsOP7wF_VFc"}},"type":"DEPLOY","releaseTime":"2023-02-12T21:46:32.817Z","releaseUser":{"email":"benawhiting@gmail.com","imageUrl":"https://lh3.googleusercontent.com/a/AEdFTp4lVS59fJhsHCK0vqZycXxWvJZu9t-YjsOP7wF_VFc"}}
[debug] [2023-02-12T21:46:33.467Z] [hosting] release: {"name":"projects/997271477245/sites/benzel-book/channels/live/releases/1676238392817000","version":{"name":"projects/997271477245/sites/benzel-book/versions/2dcf34b23acedaec","status":"FINALIZED","config":{"rewrites":[{"glob":"**","path":"/index.html"}]},"labels":{"deployment-tool":"cli-firebase"},"createTime":"2023-02-12T21:46:29.190969Z","createUser":{"email":"benawhiting@gmail.com","imageUrl":"https://lh3.googleusercontent.com/a/AEdFTp4lVS59fJhsHCK0vqZycXxWvJZu9t-YjsOP7wF_VFc"},"finalizeTime":"2023-02-12T21:46:32.826790Z","finalizeUser":{"email":"benawhiting@gmail.com","imageUrl":"https://lh3.googleusercontent.com/a/AEdFTp4lVS59fJhsHCK0vqZycXxWvJZu9t-YjsOP7wF_VFc"}},"type":"DEPLOY","releaseTime":"2023-02-12T21:46:32.817Z","releaseUser":{"email":"benawhiting@gmail.com","imageUrl":"https://lh3.googleusercontent.com/a/AEdFTp4lVS59fJhsHCK0vqZycXxWvJZu9t-YjsOP7wF_VFc"}}
[info] ✔  hosting[benzel-book]: release complete 
